<?xml version="1.0" encoding="UTF-8"?>
<testng-results skipped="0" failed="0" ignored="0" total="0" passed="0">
  <reporter-output>
  </reporter-output>
  <suite name="Suite" duration-ms="10" started-at="2022-07-16T19:28:24 ICT" finished-at="2022-07-16T19:28:24 ICT">
    <groups>
    </groups>
    <test name="HandleHiddenDropDownValues" duration-ms="10" started-at="2022-07-16T19:28:24 ICT" finished-at="2022-07-16T19:28:24 ICT">
    </test> <!-- HandleHiddenDropDownValues -->
  </suite> <!-- Suite -->
</testng-results>
